{"/Users/krishna/Documents/Microverse/Module 2/To-Do-List/src/addremove.js": {"path":"/Users/krishna/Documents/Microverse/Module 2/To-Do-List/src/addremove.js","statementMap":{"0":{"start":{"line":1,"column":13},"end":{"line":1,"column":59}},"1":{"start":{"line":3,"column":22},"end":{"line":26,"column":1}},"2":{"start":{"line":4,"column":22},"end":{"line":4,"column":51}},"3":{"start":{"line":5,"column":19},"end":{"line":5,"column":56}},"4":{"start":{"line":6,"column":27},"end":{"line":6,"column":58}},"5":{"start":{"line":7,"column":19},"end":{"line":7,"column":50}},"6":{"start":{"line":8,"column":23},"end":{"line":8,"column":55}},"7":{"start":{"line":10,"column":2},"end":{"line":10,"column":44}},"8":{"start":{"line":11,"column":2},"end":{"line":11,"column":36}},"9":{"start":{"line":13,"column":2},"end":{"line":13,"column":48}},"10":{"start":{"line":15,"column":2},"end":{"line":15,"column":37}},"11":{"start":{"line":16,"column":2},"end":{"line":16,"column":53}},"12":{"start":{"line":17,"column":2},"end":{"line":17,"column":46}},"13":{"start":{"line":19,"column":2},"end":{"line":19,"column":39}},"14":{"start":{"line":20,"column":2},"end":{"line":20,"column":40}},"15":{"start":{"line":22,"column":2},"end":{"line":22,"column":54}},"16":{"start":{"line":23,"column":2},"end":{"line":23,"column":63}},"17":{"start":{"line":25,"column":2},"end":{"line":25,"column":36}},"18":{"start":{"line":28,"column":16},"end":{"line":32,"column":1}},"19":{"start":{"line":29,"column":2},"end":{"line":31,"column":5}},"20":{"start":{"line":30,"column":4},"end":{"line":30,"column":27}},"21":{"start":{"line":34,"column":19},"end":{"line":36,"column":1}},"22":{"start":{"line":35,"column":2},"end":{"line":35,"column":30}},"23":{"start":{"line":37,"column":24},"end":{"line":39,"column":1}},"24":{"start":{"line":38,"column":2},"end":{"line":38,"column":60}},"25":{"start":{"line":41,"column":24},"end":{"line":49,"column":1}},"26":{"start":{"line":42,"column":18},"end":{"line":42,"column":53}},"27":{"start":{"line":44,"column":2},"end":{"line":46,"column":3}},"28":{"start":{"line":45,"column":4},"end":{"line":45,"column":33}},"29":{"start":{"line":48,"column":2},"end":{"line":48,"column":17}},"30":{"start":{"line":51,"column":20},"end":{"line":61,"column":1}},"31":{"start":{"line":52,"column":15},"end":{"line":56,"column":3}},"32":{"start":{"line":58,"column":2},"end":{"line":58,"column":18}},"33":{"start":{"line":59,"column":2},"end":{"line":59,"column":24}},"34":{"start":{"line":60,"column":2},"end":{"line":60,"column":22}},"35":{"start":{"line":63,"column":23},"end":{"line":72,"column":1}},"36":{"start":{"line":64,"column":18},"end":{"line":64,"column":58}},"37":{"start":{"line":65,"column":2},"end":{"line":65,"column":28}},"38":{"start":{"line":66,"column":2},"end":{"line":68,"column":5}},"39":{"start":{"line":67,"column":4},"end":{"line":67,"column":30}},"40":{"start":{"line":69,"column":2},"end":{"line":69,"column":27}},"41":{"start":{"line":71,"column":2},"end":{"line":71,"column":17}},"42":{"start":{"line":74,"column":21},"end":{"line":82,"column":1}},"43":{"start":{"line":75,"column":18},"end":{"line":75,"column":58}},"44":{"start":{"line":76,"column":2},"end":{"line":81,"column":5}},"45":{"start":{"line":77,"column":4},"end":{"line":79,"column":5}},"46":{"start":{"line":78,"column":6},"end":{"line":78,"column":34}},"47":{"start":{"line":80,"column":4},"end":{"line":80,"column":29}}},"fnMap":{"0":{"name":"(anonymous_0)","decl":{"start":{"line":3,"column":22},"end":{"line":3,"column":23}},"loc":{"start":{"line":3,"column":35},"end":{"line":26,"column":1}},"line":3},"1":{"name":"(anonymous_1)","decl":{"start":{"line":28,"column":16},"end":{"line":28,"column":17}},"loc":{"start":{"line":28,"column":26},"end":{"line":32,"column":1}},"line":28},"2":{"name":"(anonymous_2)","decl":{"start":{"line":29,"column":15},"end":{"line":29,"column":16}},"loc":{"start":{"line":29,"column":28},"end":{"line":31,"column":3}},"line":29},"3":{"name":"(anonymous_3)","decl":{"start":{"line":34,"column":19},"end":{"line":34,"column":20}},"loc":{"start":{"line":34,"column":29},"end":{"line":36,"column":1}},"line":34},"4":{"name":"(anonymous_4)","decl":{"start":{"line":37,"column":24},"end":{"line":37,"column":25}},"loc":{"start":{"line":37,"column":34},"end":{"line":39,"column":1}},"line":37},"5":{"name":"(anonymous_5)","decl":{"start":{"line":41,"column":24},"end":{"line":41,"column":25}},"loc":{"start":{"line":41,"column":30},"end":{"line":49,"column":1}},"line":41},"6":{"name":"(anonymous_6)","decl":{"start":{"line":51,"column":20},"end":{"line":51,"column":21}},"loc":{"start":{"line":51,"column":31},"end":{"line":61,"column":1}},"line":51},"7":{"name":"(anonymous_7)","decl":{"start":{"line":63,"column":23},"end":{"line":63,"column":24}},"loc":{"start":{"line":63,"column":31},"end":{"line":72,"column":1}},"line":63},"8":{"name":"(anonymous_8)","decl":{"start":{"line":66,"column":18},"end":{"line":66,"column":19}},"loc":{"start":{"line":66,"column":38},"end":{"line":68,"column":3}},"line":66},"9":{"name":"(anonymous_9)","decl":{"start":{"line":74,"column":21},"end":{"line":74,"column":22}},"loc":{"start":{"line":74,"column":36},"end":{"line":82,"column":1}},"line":74},"10":{"name":"(anonymous_10)","decl":{"start":{"line":76,"column":18},"end":{"line":76,"column":19}},"loc":{"start":{"line":76,"column":31},"end":{"line":81,"column":3}},"line":76}},"branchMap":{"0":{"loc":{"start":{"line":1,"column":13},"end":{"line":1,"column":59}},"type":"binary-expr","locations":[{"start":{"line":1,"column":13},"end":{"line":1,"column":53}},{"start":{"line":1,"column":57},"end":{"line":1,"column":59}}],"line":1},"1":{"loc":{"start":{"line":44,"column":2},"end":{"line":46,"column":3}},"type":"if","locations":[{"start":{"line":44,"column":2},"end":{"line":46,"column":3}},{"start":{},"end":{}}],"line":44},"2":{"loc":{"start":{"line":77,"column":4},"end":{"line":79,"column":5}},"type":"if","locations":[{"start":{"line":77,"column":4},"end":{"line":79,"column":5}},{"start":{},"end":{}}],"line":77}},"s":{"0":1,"1":1,"2":2,"3":2,"4":2,"5":2,"6":2,"7":2,"8":2,"9":2,"10":2,"11":2,"12":2,"13":2,"14":2,"15":2,"16":2,"17":2,"18":1,"19":1,"20":1,"21":1,"22":1,"23":1,"24":2,"25":1,"26":1,"27":1,"28":1,"29":1,"30":1,"31":1,"32":1,"33":1,"34":1,"35":1,"36":1,"37":1,"38":1,"39":2,"40":1,"41":1,"42":1,"43":0,"44":0,"45":0,"46":0,"47":0},"f":{"0":2,"1":1,"2":1,"3":1,"4":2,"5":1,"6":1,"7":1,"8":2,"9":0,"10":0},"b":{"0":[1,1],"1":[1,0],"2":[0,0]},"_coverageSchema":"1a1c01bbd47fc00a2c39e90264f33305004495a9","hash":"25b0ed41d44eabc6d275568bbe55e971baa14d1d"}
}
