TN:
SF:src/addremove.js
FN:3,(anonymous_0)
FN:28,(anonymous_1)
FN:29,(anonymous_2)
FN:34,(anonymous_3)
FN:37,(anonymous_4)
FN:41,(anonymous_5)
FN:51,(anonymous_6)
FN:63,(anonymous_7)
FN:66,(anonymous_8)
FN:74,(anonymous_9)
FN:76,(anonymous_10)
FNF:11
FNH:9
FNDA:2,(anonymous_0)
FNDA:1,(anonymous_1)
FNDA:1,(anonymous_2)
FNDA:1,(anonymous_3)
FNDA:2,(anonymous_4)
FNDA:1,(anonymous_5)
FNDA:1,(anonymous_6)
FNDA:1,(anonymous_7)
FNDA:2,(anonymous_8)
FNDA:0,(anonymous_9)
FNDA:0,(anonymous_10)
DA:1,1
DA:3,1
DA:4,2
DA:5,2
DA:6,2
DA:7,2
DA:8,2
DA:10,2
DA:11,2
DA:13,2
DA:15,2
DA:16,2
DA:17,2
DA:19,2
DA:20,2
DA:22,2
DA:23,2
DA:25,2
DA:28,1
DA:29,1
DA:30,1
DA:34,1
DA:35,1
DA:37,1
DA:38,2
DA:41,1
DA:42,1
DA:44,1
DA:45,1
DA:48,1
DA:51,1
DA:52,1
DA:58,1
DA:59,1
DA:60,1
DA:63,1
DA:64,1
DA:65,1
DA:66,1
DA:67,2
DA:69,1
DA:71,1
DA:74,1
DA:75,0
DA:76,0
DA:77,0
DA:78,0
DA:80,0
LF:48
LH:43
BRDA:1,0,0,1
BRDA:1,0,1,1
BRDA:44,1,0,1
BRDA:44,1,1,0
BRDA:77,2,0,0
BRDA:77,2,1,0
BRF:6
BRH:3
end_of_record
